<?xml version="1.0" encoding="UTF-8"?>
<testsuites>
  <testsuite name="Policy_Journey" timestamp="2021-01-18T11:34:41" time="10.007" tests="1" failures="0" errors="1" skipped="0">
    <properties>
      <property name="specId" value="0"/>
      <property name="suiteName" value="Policy Journey"/>
      <property name="capabilities" value="chrome.87_0_4280_66.mac"/>
      <property name="file" value="./test/specs/PolicyJourney.e2e.js"/>
    </properties>
    <testcase classname="chrome.87_0_4280_66.mac.Policy_Journey" name="Buy_a_Policy" time="10.006">
      <error message="Timeout of 10000ms exceeded. The execution in the test &quot;Policy Journey Buy a Policy&quot; took too long. Try to reduce the run time or increase your timeout for test specs (https://webdriver.io/docs/timeouts.html). (/Users/sraju/Projects/bp/wdio_poc/test/specs/PolicyJourney.e2e.js)"/>
      <system-out>
        <![CDATA[
COMMAND: POST /session/594b65340b755410e199054bba769bf4d2ee8334/url - {"url":"http://bs-local.com:3000/ux1/review"}
RESULT: {"url":"http://bs-local.com:3000/ux1/review"}
COMMAND: GET /session/594b65340b755410e199054bba769bf4d2ee8334/screenshot - {}
COMMAND: DELETE /session/594b65340b755410e199054bba769bf4d2ee8334 - {}
RESULT: {}
]]>
      </system-out>
      <system-err>
        <![CDATA[
Error: Timeout of 10000ms exceeded. The execution in the test "Policy Journey Buy a Policy" took too long. Try to reduce the run time or increase your timeout for test specs (https://webdriver.io/docs/timeouts.html). (/Users/sraju/Projects/bp/wdio_poc/test/specs/PolicyJourney.e2e.js)
    at Test.Runnable._timeoutError (/Users/sraju/Projects/bp/wdio_poc/node_modules/mocha/lib/runnable.js:432:10)
    at Timeout.<anonymous> (/Users/sraju/Projects/bp/wdio_poc/node_modules/mocha/lib/runnable.js:244:24)
    at listOnTimeout (internal/timers.js:554:17)
    at processTimers (internal/timers.js:497:7)
]]>
      </system-err>
    </testcase>
  </testsuite>
</testsuites>