<?xml version="1.0" encoding="UTF-8"?>
<testsuites>
  <testsuite name="Policy_Journey" timestamp="2021-01-18T11:34:50" time="10.011" tests="1" failures="0" errors="1" skipped="0">
    <properties>
      <property name="specId" value="0"/>
      <property name="suiteName" value="Policy Journey"/>
      <property name="capabilities" value="iphone11.ios"/>
      <property name="file" value="./test/specs/PolicyJourney.e2e.js"/>
    </properties>
    <testcase classname="iphone.13.Policy_Journey" name="Buy_a_Policy" time="10.01">
      <error message="Timeout of 10000ms exceeded. The execution in the test &quot;Policy Journey Buy a Policy&quot; took too long. Try to reduce the run time or increase your timeout for test specs (https://webdriver.io/docs/timeouts.html). (/Users/sraju/Projects/bp/wdio_poc/test/specs/PolicyJourney.e2e.js)"/>
      <system-out>
        <![CDATA[
COMMAND: POST /session/609a0dcb4a0ee8213c18c1fe2ea7964216fb2293/url - {"url":"http://bs-local.com:3000/ux1/review"}
RESULT: {"url":"http://bs-local.com:3000/ux1/review"}
COMMAND: GET /session/609a0dcb4a0ee8213c18c1fe2ea7964216fb2293/screenshot - {}
RESULT: {}
COMMAND: POST /session/609a0dcb4a0ee8213c18c1fe2ea7964216fb2293/element - {"using":"css selector","value":"div[data-qa=\"buyBtnFooter\"] button"}
RESULT: {"using":"css selector","value":"div[data-qa=\"buyBtnFooter\"] button"}
COMMAND: POST /session/609a0dcb4a0ee8213c18c1fe2ea7964216fb2293/element/5000/click - {}
RESULT: {}
COMMAND: POST /session/609a0dcb4a0ee8213c18c1fe2ea7964216fb2293/element - {"using":"xpath","value":".//h6[normalize-space() = \"All payments are safe and secure\"]"}
RESULT: {"using":"xpath","value":".//h6[normalize-space() = \"All payments are safe and secure\"]"}
COMMAND: POST /session/609a0dcb4a0ee8213c18c1fe2ea7964216fb2293/elements - {"using":"xpath","value":".//h6[normalize-space() = \"All payments are safe and secure\"]"}
RESULT: {"using":"xpath","value":".//h6[normalize-space() = \"All payments are safe and secure\"]"}
COMMAND: GET /session/609a0dcb4a0ee8213c18c1fe2ea7964216fb2293/screenshot - {}
RESULT: {}
COMMAND: POST /session/609a0dcb4a0ee8213c18c1fe2ea7964216fb2293/element - {"using":"css selector","value":"[data-qa=\"payNowButton\"]"}
RESULT: {"using":"css selector","value":"[data-qa=\"payNowButton\"]"}
COMMAND: POST /session/609a0dcb4a0ee8213c18c1fe2ea7964216fb2293/element/5003/click - {}
COMMAND: DELETE /session/609a0dcb4a0ee8213c18c1fe2ea7964216fb2293 - {}
RESULT: {}
]]>
      </system-out>
      <system-err>
        <![CDATA[
Error: Timeout of 10000ms exceeded. The execution in the test "Policy Journey Buy a Policy" took too long. Try to reduce the run time or increase your timeout for test specs (https://webdriver.io/docs/timeouts.html). (/Users/sraju/Projects/bp/wdio_poc/test/specs/PolicyJourney.e2e.js)
    at Test.Runnable._timeoutError (/Users/sraju/Projects/bp/wdio_poc/node_modules/mocha/lib/runnable.js:432:10)
    at Timeout.<anonymous> (/Users/sraju/Projects/bp/wdio_poc/node_modules/mocha/lib/runnable.js:244:24)
    at listOnTimeout (internal/timers.js:554:17)
    at processTimers (internal/timers.js:497:7)
]]>
      </system-err>
    </testcase>
  </testsuite>
</testsuites>